<?xml version="1.0" encoding="UTF-8"?>
<coverage generated="1525087348719" clover="3.2.0">
  <project timestamp="1525087348719" name="All files">
    <metrics statements="18" coveredstatements="18" conditionals="11" coveredconditionals="9" methods="4" coveredmethods="4" elements="33" coveredelements="31" complexity="0" loc="18" ncloc="18" packages="1" files="2" classes="2">
      <file name="index.js" path="/Users/rvalonso/desarrollo/log4vue/src/index.js">
        <metrics statements="2" coveredstatements="2" conditionals="0" coveredconditionals="0" methods="0" coveredmethods="0"/>
        <line num="3" count="1" type="stmt"/>
        <line num="5" count="1" type="stmt"/>
      </file>
      <file name="install.js" path="/Users/rvalonso/desarrollo/log4vue/src/install.js">
        <metrics statements="16" coveredstatements="16" conditionals="11" coveredconditionals="9" methods="4" coveredmethods="4"/>
        <line num="2" count="2" type="stmt"/>
        <line num="15" count="4" type="cond" truecount="1" falsecount="1"/>
        <line num="18" count="4" type="stmt"/>
        <line num="19" count="4" type="stmt"/>
        <line num="20" count="16" type="cond" truecount="2" falsecount="0"/>
        <line num="22" count="4" type="stmt"/>
        <line num="23" count="13" type="stmt"/>
        <line num="25" count="5" type="cond" truecount="2" falsecount="0"/>
        <line num="27" count="3" type="cond" truecount="2" falsecount="0"/>
        <line num="29" count="3" type="stmt"/>
        <line num="32" count="13" type="cond" truecount="2" falsecount="0"/>
        <line num="33" count="5" type="stmt"/>
        <line num="37" count="4" type="stmt"/>
        <line num="38" count="4" type="stmt"/>
        <line num="39" count="4" type="stmt"/>
        <line num="40" count="4" type="stmt"/>
      </file>
    </metrics>
  </project>
</coverage>
