{"/Users/rvalonso/desarrollo/log4vue/src/lib.js": {"path":"/Users/rvalonso/desarrollo/log4vue/src/lib.js","statementMap":{"0":{"start":{"line":3,"column":15},"end":{"line":3,"column":35}},"1":{"start":{"line":4,"column":0},"end":{"line":43,"column":2}},"2":{"start":{"line":6,"column":2},"end":{"line":6,"column":31}},"3":{"start":{"line":6,"column":24},"end":{"line":6,"column":31}},"4":{"start":{"line":8,"column":24},"end":{"line":17,"column":3}},"5":{"start":{"line":20,"column":17},"end":{"line":20,"column":46}},"6":{"start":{"line":21,"column":2},"end":{"line":23,"column":3}},"7":{"start":{"line":22,"column":4},"end":{"line":22,"column":35}},"8":{"start":{"line":24,"column":2},"end":{"line":37,"column":5}},"9":{"start":{"line":25,"column":4},"end":{"line":32,"column":6}},"10":{"start":{"line":27,"column":6},"end":{"line":27,"column":42}},"11":{"start":{"line":27,"column":35},"end":{"line":27,"column":42}},"12":{"start":{"line":29,"column":21},"end":{"line":29,"column":92}},"13":{"start":{"line":31,"column":6},"end":{"line":31,"column":75}},"14":{"start":{"line":34,"column":4},"end":{"line":36,"column":5}},"15":{"start":{"line":35,"column":6},"end":{"line":35,"column":49}},"16":{"start":{"line":39,"column":2},"end":{"line":39,"column":34}},"17":{"start":{"line":40,"column":2},"end":{"line":40,"column":23}},"18":{"start":{"line":41,"column":2},"end":{"line":41,"column":25}},"19":{"start":{"line":42,"column":2},"end":{"line":42,"column":26}}},"fnMap":{"0":{"name":"(anonymous_0)","decl":{"start":{"line":4,"column":17},"end":{"line":4,"column":18}},"loc":{"start":{"line":4,"column":40},"end":{"line":43,"column":1}},"line":4},"1":{"name":"(anonymous_1)","decl":{"start":{"line":24,"column":24},"end":{"line":24,"column":25}},"loc":{"start":{"line":24,"column":42},"end":{"line":37,"column":3}},"line":24},"2":{"name":"(anonymous_2)","decl":{"start":{"line":25,"column":20},"end":{"line":25,"column":21}},"loc":{"start":{"line":25,"column":33},"end":{"line":32,"column":5}},"line":25}},"branchMap":{"0":{"loc":{"start":{"line":4,"column":23},"end":{"line":4,"column":35}},"type":"default-arg","locations":[{"start":{"line":4,"column":33},"end":{"line":4,"column":35}}],"line":4},"1":{"loc":{"start":{"line":6,"column":2},"end":{"line":6,"column":31}},"type":"if","locations":[{"start":{"line":6,"column":2},"end":{"line":6,"column":31}},{"start":{"line":6,"column":2},"end":{"line":6,"column":31}}],"line":6},"2":{"loc":{"start":{"line":21,"column":2},"end":{"line":23,"column":3}},"type":"if","locations":[{"start":{"line":21,"column":2},"end":{"line":23,"column":3}},{"start":{"line":21,"column":2},"end":{"line":23,"column":3}}],"line":21},"3":{"loc":{"start":{"line":27,"column":6},"end":{"line":27,"column":42}},"type":"if","locations":[{"start":{"line":27,"column":6},"end":{"line":27,"column":42}},{"start":{"line":27,"column":6},"end":{"line":27,"column":42}}],"line":27},"4":{"loc":{"start":{"line":29,"column":21},"end":{"line":29,"column":92}},"type":"cond-expr","locations":[{"start":{"line":29,"column":61},"end":{"line":29,"column":76}},{"start":{"line":29,"column":79},"end":{"line":29,"column":92}}],"line":29},"5":{"loc":{"start":{"line":34,"column":4},"end":{"line":36,"column":5}},"type":"if","locations":[{"start":{"line":34,"column":4},"end":{"line":36,"column":5}},{"start":{"line":34,"column":4},"end":{"line":36,"column":5}}],"line":34}},"s":{"0":2,"1":3,"2":2,"3":2,"4":3,"5":4,"6":7,"7":1,"8":2,"9":5,"10":5,"11":1,"12":2,"13":2,"14":7,"15":3,"16":2,"17":2,"18":2,"19":2},"f":{"0":4,"1":10,"2":0},"b":{"0":[0],"1":[0,4],"2":[2,2],"3":[0,0],"4":[0,0],"5":[2,8]},"_coverageSchema":"332fd63041d2c1bcb487cc26dd0d5f7d97098a6c","hash":"a2fec4b0a60c4142c4b637d142962edd5749c9ad"}
}
