{"/Users/rvalonso/desarrollo/log4vue/src/lib.js": {"path":"/Users/rvalonso/desarrollo/log4vue/src/lib.js","statementMap":{"0":{"start":{"line":1,"column":15},"end":{"line":1,"column":35}},"1":{"start":{"line":2,"column":0},"end":{"line":41,"column":2}},"2":{"start":{"line":4,"column":2},"end":{"line":4,"column":31}},"3":{"start":{"line":4,"column":24},"end":{"line":4,"column":31}},"4":{"start":{"line":6,"column":24},"end":{"line":15,"column":3}},"5":{"start":{"line":18,"column":17},"end":{"line":18,"column":19}},"6":{"start":{"line":19,"column":2},"end":{"line":21,"column":5}},"7":{"start":{"line":20,"column":4},"end":{"line":20,"column":53}},"8":{"start":{"line":22,"column":2},"end":{"line":35,"column":5}},"9":{"start":{"line":23,"column":4},"end":{"line":30,"column":6}},"10":{"start":{"line":25,"column":6},"end":{"line":25,"column":42}},"11":{"start":{"line":25,"column":35},"end":{"line":25,"column":42}},"12":{"start":{"line":27,"column":21},"end":{"line":27,"column":92}},"13":{"start":{"line":29,"column":6},"end":{"line":29,"column":75}},"14":{"start":{"line":32,"column":4},"end":{"line":34,"column":5}},"15":{"start":{"line":33,"column":6},"end":{"line":33,"column":49}},"16":{"start":{"line":37,"column":2},"end":{"line":37,"column":34}},"17":{"start":{"line":38,"column":2},"end":{"line":38,"column":23}},"18":{"start":{"line":39,"column":2},"end":{"line":39,"column":25}},"19":{"start":{"line":40,"column":2},"end":{"line":40,"column":26}}},"fnMap":{"0":{"name":"(anonymous_0)","decl":{"start":{"line":2,"column":17},"end":{"line":2,"column":18}},"loc":{"start":{"line":2,"column":40},"end":{"line":41,"column":1}},"line":2},"1":{"name":"(anonymous_1)","decl":{"start":{"line":19,"column":37},"end":{"line":19,"column":38}},"loc":{"start":{"line":19,"column":46},"end":{"line":21,"column":3}},"line":19},"2":{"name":"(anonymous_2)","decl":{"start":{"line":22,"column":24},"end":{"line":22,"column":25}},"loc":{"start":{"line":22,"column":42},"end":{"line":35,"column":3}},"line":22},"3":{"name":"(anonymous_3)","decl":{"start":{"line":23,"column":20},"end":{"line":23,"column":21}},"loc":{"start":{"line":23,"column":33},"end":{"line":30,"column":5}},"line":23}},"branchMap":{"0":{"loc":{"start":{"line":2,"column":23},"end":{"line":2,"column":35}},"type":"default-arg","locations":[{"start":{"line":2,"column":33},"end":{"line":2,"column":35}}],"line":2},"1":{"loc":{"start":{"line":4,"column":2},"end":{"line":4,"column":31}},"type":"if","locations":[{"start":{"line":4,"column":2},"end":{"line":4,"column":31}},{"start":{"line":4,"column":2},"end":{"line":4,"column":31}}],"line":4},"2":{"loc":{"start":{"line":20,"column":18},"end":{"line":20,"column":52}},"type":"binary-expr","locations":[{"start":{"line":20,"column":18},"end":{"line":20,"column":30}},{"start":{"line":20,"column":34},"end":{"line":20,"column":52}}],"line":20},"3":{"loc":{"start":{"line":25,"column":6},"end":{"line":25,"column":42}},"type":"if","locations":[{"start":{"line":25,"column":6},"end":{"line":25,"column":42}},{"start":{"line":25,"column":6},"end":{"line":25,"column":42}}],"line":25},"4":{"loc":{"start":{"line":27,"column":21},"end":{"line":27,"column":92}},"type":"cond-expr","locations":[{"start":{"line":27,"column":61},"end":{"line":27,"column":76}},{"start":{"line":27,"column":79},"end":{"line":27,"column":92}}],"line":27},"5":{"loc":{"start":{"line":32,"column":4},"end":{"line":34,"column":5}},"type":"if","locations":[{"start":{"line":32,"column":4},"end":{"line":34,"column":5}},{"start":{"line":32,"column":4},"end":{"line":34,"column":5}}],"line":32}},"s":{"0":2,"1":3,"2":2,"3":2,"4":10,"5":4,"6":7,"7":8,"8":2,"9":5,"10":5,"11":5,"12":2,"13":2,"14":7,"15":7,"16":2,"17":2,"18":2,"19":2},"f":{"0":4,"1":16,"2":10,"3":0},"b":{"0":[0],"1":[0,4],"2":[16,10],"3":[0,0],"4":[0,0],"5":[10,0]},"_coverageSchema":"332fd63041d2c1bcb487cc26dd0d5f7d97098a6c","hash":"3b1c0b3aae6e55046b6841c8586fbb26ef059f46"}
}
