{"/Users/rvalonso/desarrollo/log4vue/src/index.js": {"path":"/Users/rvalonso/desarrollo/log4vue/src/index.js","statementMap":{"0":{"start":{"line":3,"column":16},"end":{"line":3,"column":36}},"1":{"start":{"line":5,"column":0},"end":{"line":5,"column":26}}},"fnMap":{},"branchMap":{},"s":{"0":1,"1":1},"f":{},"b":{},"_coverageSchema":"332fd63041d2c1bcb487cc26dd0d5f7d97098a6c","hash":"172d714f31e06e986395bb9eaf0266ed683cdeb4"}
,"/Users/rvalonso/desarrollo/log4vue/src/install.js": {"path":"/Users/rvalonso/desarrollo/log4vue/src/install.js","statementMap":{"0":{"start":{"line":2,"column":29},"end":{"line":11,"column":1}},"1":{"start":{"line":15,"column":2},"end":{"line":15,"column":29}},"2":{"start":{"line":15,"column":22},"end":{"line":15,"column":29}},"3":{"start":{"line":18,"column":17},"end":{"line":18,"column":19}},"4":{"start":{"line":19,"column":2},"end":{"line":21,"column":5}},"5":{"start":{"line":20,"column":4},"end":{"line":20,"column":69}},"6":{"start":{"line":22,"column":2},"end":{"line":35,"column":5}},"7":{"start":{"line":23,"column":4},"end":{"line":30,"column":6}},"8":{"start":{"line":25,"column":6},"end":{"line":25,"column":42}},"9":{"start":{"line":25,"column":35},"end":{"line":25,"column":42}},"10":{"start":{"line":27,"column":21},"end":{"line":27,"column":90}},"11":{"start":{"line":29,"column":6},"end":{"line":29,"column":74}},"12":{"start":{"line":32,"column":4},"end":{"line":34,"column":5}},"13":{"start":{"line":33,"column":6},"end":{"line":33,"column":49}},"14":{"start":{"line":37,"column":2},"end":{"line":37,"column":34}},"15":{"start":{"line":38,"column":2},"end":{"line":38,"column":23}},"16":{"start":{"line":39,"column":2},"end":{"line":39,"column":25}},"17":{"start":{"line":40,"column":2},"end":{"line":40,"column":24}}},"fnMap":{"0":{"name":"install","decl":{"start":{"line":13,"column":24},"end":{"line":13,"column":31}},"loc":{"start":{"line":13,"column":51},"end":{"line":41,"column":1}},"line":13},"1":{"name":"(anonymous_1)","decl":{"start":{"line":19,"column":37},"end":{"line":19,"column":38}},"loc":{"start":{"line":19,"column":44},"end":{"line":21,"column":3}},"line":19},"2":{"name":"(anonymous_2)","decl":{"start":{"line":22,"column":24},"end":{"line":22,"column":25}},"loc":{"start":{"line":22,"column":42},"end":{"line":35,"column":3}},"line":22},"3":{"name":"(anonymous_3)","decl":{"start":{"line":23,"column":20},"end":{"line":23,"column":21}},"loc":{"start":{"line":23,"column":33},"end":{"line":30,"column":5}},"line":23}},"branchMap":{"0":{"loc":{"start":{"line":13,"column":37},"end":{"line":13,"column":49}},"type":"default-arg","locations":[{"start":{"line":13,"column":47},"end":{"line":13,"column":49}}],"line":13},"1":{"loc":{"start":{"line":15,"column":2},"end":{"line":15,"column":29}},"type":"if","locations":[{"start":{"line":15,"column":2},"end":{"line":15,"column":29}},{"start":{"line":15,"column":2},"end":{"line":15,"column":29}}],"line":15},"2":{"loc":{"start":{"line":20,"column":18},"end":{"line":20,"column":68}},"type":"cond-expr","locations":[{"start":{"line":20,"column":35},"end":{"line":20,"column":47}},{"start":{"line":20,"column":50},"end":{"line":20,"column":68}}],"line":20},"3":{"loc":{"start":{"line":25,"column":6},"end":{"line":25,"column":42}},"type":"if","locations":[{"start":{"line":25,"column":6},"end":{"line":25,"column":42}},{"start":{"line":25,"column":6},"end":{"line":25,"column":42}}],"line":25},"4":{"loc":{"start":{"line":27,"column":21},"end":{"line":27,"column":90}},"type":"cond-expr","locations":[{"start":{"line":27,"column":59},"end":{"line":27,"column":74}},{"start":{"line":27,"column":77},"end":{"line":27,"column":90}}],"line":27},"5":{"loc":{"start":{"line":32,"column":4},"end":{"line":34,"column":5}},"type":"if","locations":[{"start":{"line":32,"column":4},"end":{"line":34,"column":5}},{"start":{"line":32,"column":4},"end":{"line":34,"column":5}}],"line":32}},"s":{"0":2,"1":4,"2":0,"3":4,"4":4,"5":16,"6":4,"7":13,"8":5,"9":2,"10":3,"11":3,"12":13,"13":5,"14":4,"15":4,"16":4,"17":4},"f":{"0":4,"1":16,"2":13,"3":5},"b":{"0":[0],"1":[0,4],"2":[7,9],"3":[2,3],"4":[1,2],"5":[5,8]},"_coverageSchema":"332fd63041d2c1bcb487cc26dd0d5f7d97098a6c","hash":"aa1bd0bccf644452a3757fc9d80e8035172805ce"}
}
