TN:
SF:/Users/rvalonso/desarrollo/log4vue/src/index.js
FNF:0
FNH:0
DA:3,1
DA:5,1
LF:2
LH:2
BRF:0
BRH:0
end_of_record
TN:
SF:/Users/rvalonso/desarrollo/log4vue/src/install.js
FN:1,install
FN:18,(anonymous_1)
FN:21,(anonymous_2)
FN:22,(anonymous_3)
FNF:4
FNH:3
FNDA:2,install
FNDA:4,(anonymous_1)
FNDA:4,(anonymous_2)
FNDA:0,(anonymous_3)
DA:3,2
DA:5,1
DA:17,1
DA:18,1
DA:19,4
DA:21,1
DA:22,4
DA:24,0
DA:26,0
DA:28,0
DA:31,4
DA:32,4
DA:36,1
DA:37,1
DA:38,1
DA:39,1
LF:16
LH:13
BRDA:1,0,0,0
BRDA:3,1,0,1
BRDA:3,1,1,1
BRDA:19,2,0,4
BRDA:19,2,1,4
BRDA:24,3,0,0
BRDA:24,3,1,0
BRDA:26,4,0,0
BRDA:26,4,1,0
BRDA:31,5,0,4
BRDA:31,5,1,0
BRF:11
BRH:5
end_of_record
