TN:
SF:/Users/rvalonso/desarrollo/log4vue/src/lib.js
FN:4,(anonymous_0)
FN:24,(anonymous_1)
FN:25,(anonymous_2)
FNF:3
FNH:2
FNDA:4,(anonymous_0)
FNDA:10,(anonymous_1)
FNDA:0,(anonymous_2)
DA:3,2
DA:4,3
DA:6,2
DA:8,3
DA:20,4
DA:21,7
DA:22,1
DA:24,2
DA:25,5
DA:27,5
DA:29,2
DA:31,2
DA:34,7
DA:35,3
DA:39,2
DA:40,2
DA:41,2
DA:42,2
LF:18
LH:18
BRDA:4,0,0,0
BRDA:6,1,0,0
BRDA:6,1,1,4
BRDA:21,2,0,2
BRDA:21,2,1,2
BRDA:27,3,0,0
BRDA:27,3,1,0
BRDA:29,4,0,0
BRDA:29,4,1,0
BRDA:34,5,0,2
BRDA:34,5,1,8
BRF:11
BRH:5
end_of_record
